0 info it worked if it ends with ok
1 verbose cli [ 'D:\\nodejs\\node.exe',
1 verbose cli   'D:\\nodejs\\node_modules\\npm\\bin\\npm-cli.js',
1 verbose cli   'install',
1 verbose cli   'node-curl' ]
2 info using npm@4.1.2
3 info using node@v7.7.3
4 silly loadCurrentTree Starting
5 silly install loadCurrentTree
6 silly install readLocalPackageData
7 silly fetchPackageMetaData node-curl
8 silly fetchNamedPackageData node-curl
9 silly mapToRegistry name node-curl
10 silly mapToRegistry using default registry
11 silly mapToRegistry registry https://registry.npmjs.org/
12 silly mapToRegistry data Result {
12 silly mapToRegistry   raw: 'node-curl',
12 silly mapToRegistry   scope: null,
12 silly mapToRegistry   escapedName: 'node-curl',
12 silly mapToRegistry   name: 'node-curl',
12 silly mapToRegistry   rawSpec: '',
12 silly mapToRegistry   spec: 'latest',
12 silly mapToRegistry   type: 'tag' }
13 silly mapToRegistry uri https://registry.npmjs.org/node-curl
14 verbose request uri https://registry.npmjs.org/node-curl
15 verbose request no auth needed
16 info attempt registry request try #1 at 12:45:49 AM
17 verbose request id d2d19dc5b4cbc0c3
18 http request GET https://registry.npmjs.org/node-curl
19 http 200 https://registry.npmjs.org/node-curl
20 verbose headers { server: 'nginx/1.10.1',
20 verbose headers   'content-type': 'application/json',
20 verbose headers   'last-modified': 'Sat, 21 Jan 2017 08:19:29 GMT',
20 verbose headers   etag: 'W/"58831991-505e"',
20 verbose headers   'content-encoding': 'gzip',
20 verbose headers   'cache-control': 'max-age=300',
20 verbose headers   'content-length': '3683',
20 verbose headers   'accept-ranges': 'bytes',
20 verbose headers   date: 'Wed, 22 Mar 2017 17:45:55 GMT',
20 verbose headers   via: '1.1 varnish',
20 verbose headers   age: '0',
20 verbose headers   connection: 'keep-alive',
20 verbose headers   'x-served-by': 'cache-itm7420-ITM',
20 verbose headers   'x-cache': 'MISS',
20 verbose headers   'x-cache-hits': '0',
20 verbose headers   'x-timer': 'S1490204755.274159,VS0,VE154',
20 verbose headers   vary: 'Accept-Encoding' }
21 silly get cb [ 200,
21 silly get   { server: 'nginx/1.10.1',
21 silly get     'content-type': 'application/json',
21 silly get     'last-modified': 'Sat, 21 Jan 2017 08:19:29 GMT',
21 silly get     etag: 'W/"58831991-505e"',
21 silly get     'content-encoding': 'gzip',
21 silly get     'cache-control': 'max-age=300',
21 silly get     'content-length': '3683',
21 silly get     'accept-ranges': 'bytes',
21 silly get     date: 'Wed, 22 Mar 2017 17:45:55 GMT',
21 silly get     via: '1.1 varnish',
21 silly get     age: '0',
21 silly get     connection: 'keep-alive',
21 silly get     'x-served-by': 'cache-itm7420-ITM',
21 silly get     'x-cache': 'MISS',
21 silly get     'x-cache-hits': '0',
21 silly get     'x-timer': 'S1490204755.274159,VS0,VE154',
21 silly get     vary: 'Accept-Encoding' } ]
22 verbose get saving node-curl to C:\Users\KenMad\AppData\Roaming\npm-cache\registry.npmjs.org\node-curl\.cache.json
23 verbose correctMkdir C:\Users\KenMad\AppData\Roaming\npm-cache correctMkdir not in flight; initializing
24 silly install normalizeTree
25 silly loadCurrentTree Finishing
26 silly loadIdealTree Starting
27 silly install loadIdealTree
28 silly cloneCurrentTree Starting
29 silly install cloneCurrentTreeToIdealTree
30 silly cloneCurrentTree Finishing
31 silly loadShrinkwrap Starting
32 silly install loadShrinkwrap
33 silly loadShrinkwrap Finishing
34 silly loadAllDepsIntoIdealTree Starting
35 silly install loadAllDepsIntoIdealTree
36 silly resolveWithNewModule node-curl@0.3.3 checking installable status
37 silly cache add args [ 'node-curl', null ]
38 verbose cache add spec node-curl
39 silly cache add parsed spec Result {
39 silly cache add   raw: 'node-curl',
39 silly cache add   scope: null,
39 silly cache add   escapedName: 'node-curl',
39 silly cache add   name: 'node-curl',
39 silly cache add   rawSpec: '',
39 silly cache add   spec: 'latest',
39 silly cache add   type: 'tag' }
40 silly addNamed node-curl@latest
41 verbose addNamed "latest" is being treated as a dist-tag for node-curl
42 info addNameTag [ 'node-curl', 'latest' ]
43 silly mapToRegistry name node-curl
44 silly mapToRegistry using default registry
45 silly mapToRegistry registry https://registry.npmjs.org/
46 silly mapToRegistry data Result {
46 silly mapToRegistry   raw: 'node-curl',
46 silly mapToRegistry   scope: null,
46 silly mapToRegistry   escapedName: 'node-curl',
46 silly mapToRegistry   name: 'node-curl',
46 silly mapToRegistry   rawSpec: '',
46 silly mapToRegistry   spec: 'latest',
46 silly mapToRegistry   type: 'tag' }
47 silly mapToRegistry uri https://registry.npmjs.org/node-curl
48 verbose addNameTag registry:https://registry.npmjs.org/node-curl not in flight; fetching
49 verbose get https://registry.npmjs.org/node-curl not expired, no request
50 silly addNameTag next cb for node-curl with tag latest
51 silly addNamed node-curl@0.3.3
52 verbose addNamed "0.3.3" is a plain semver version for node-curl
53 silly mapToRegistry name node-curl
54 silly mapToRegistry using default registry
55 silly mapToRegistry registry https://registry.npmjs.org/
56 silly mapToRegistry data Result {
56 silly mapToRegistry   raw: 'node-curl',
56 silly mapToRegistry   scope: null,
56 silly mapToRegistry   escapedName: 'node-curl',
56 silly mapToRegistry   name: 'node-curl',
56 silly mapToRegistry   rawSpec: '',
56 silly mapToRegistry   spec: 'latest',
56 silly mapToRegistry   type: 'tag' }
57 silly mapToRegistry uri https://registry.npmjs.org/node-curl
58 verbose addRemoteTarball https://registry.npmjs.org/node-curl/-/node-curl-0.3.3.tgz not in flight; adding
59 verbose addRemoteTarball [ 'https://registry.npmjs.org/node-curl/-/node-curl-0.3.3.tgz',
59 verbose addRemoteTarball   '71274370774c2298b860307a9e45877701638735' ]
60 info retry fetch attempt 1 at 12:45:50 AM
61 info attempt registry request try #1 at 12:45:50 AM
62 http fetch GET https://registry.npmjs.org/node-curl/-/node-curl-0.3.3.tgz
63 http fetch 200 https://registry.npmjs.org/node-curl/-/node-curl-0.3.3.tgz
64 silly fetchAndShaCheck shasum 71274370774c2298b860307a9e45877701638735
65 verbose addTmpTarball C:\Users\KenMad\AppData\Local\Temp\npm-13368-3232dfc2\registry.npmjs.org\node-curl\-\node-curl-0.3.3.tgz not in flight; adding
66 verbose addTmpTarball already have metadata; skipping unpack for node-curl@0.3.3
67 verbose correctMkdir C:\Users\KenMad\AppData\Roaming\npm-cache correctMkdir not in flight; initializing
68 silly cache afterAdd node-curl@0.3.3
69 verbose afterAdd C:\Users\KenMad\AppData\Roaming\npm-cache\node-curl\0.3.3\package\package.json not in flight; writing
70 verbose correctMkdir C:\Users\KenMad\AppData\Roaming\npm-cache correctMkdir not in flight; initializing
71 verbose afterAdd C:\Users\KenMad\AppData\Roaming\npm-cache\node-curl\0.3.3\package\package.json written
72 silly loadAllDepsIntoIdealTree Finishing
73 silly loadIdealTree Finishing
74 silly currentTree facebook-chat-bot@1.0.0
74 silly currentTree +-- ajv@4.11.5
74 silly currentTree +-- ansi@0.3.1
74 silly currentTree +-- are-we-there-yet@1.0.6
74 silly currentTree +-- asn1@0.2.3
74 silly currentTree +-- assert-plus@0.2.0
74 silly currentTree +-- asynckit@0.4.0
74 silly currentTree +-- aws-sign2@0.6.0
74 silly currentTree +-- aws4@1.6.0
74 silly currentTree +-- bcrypt-pbkdf@1.0.1
74 silly currentTree +-- bluebird@2.11.0
74 silly currentTree +-- boolbase@1.0.0
74 silly currentTree +-- boom@2.10.1
74 silly currentTree +-- buffer-shims@1.0.0
74 silly currentTree +-- caseless@0.12.0
74 silly currentTree +-- cheerio@0.22.0
74 silly currentTree +-- co@4.6.0
74 silly currentTree +-- combined-stream@1.0.5
74 silly currentTree +-- core-util-is@1.0.2
74 silly currentTree +-- cryptiles@2.0.5
74 silly currentTree +-- css-select@1.2.0
74 silly currentTree +-- css-what@2.1.0
74 silly currentTree +-- dashdash@1.14.1
74 silly currentTree | `-- assert-plus@1.0.0
74 silly currentTree +-- delayed-stream@1.0.0
74 silly currentTree +-- delegates@1.0.0
74 silly currentTree +-- dom-serializer@0.1.0
74 silly currentTree | `-- domelementtype@1.1.3
74 silly currentTree +-- domelementtype@1.3.0
74 silly currentTree +-- domhandler@2.3.0
74 silly currentTree +-- domutils@1.5.1
74 silly currentTree +-- ecc-jsbn@0.1.1
74 silly currentTree +-- entities@1.1.1
74 silly currentTree +-- extend@3.0.0
74 silly currentTree +-- extsprintf@1.0.2
74 silly currentTree +-- facebook-chat-api@1.3.0
74 silly currentTree | +-- cheerio@0.19.0
74 silly currentTree | +-- css-select@1.0.0
74 silly currentTree | +-- css-what@1.0.0
74 silly currentTree | +-- domutils@1.4.3
74 silly currentTree | `-- htmlparser2@3.8.3
74 silly currentTree |   +-- domutils@1.5.1
74 silly currentTree |   `-- entities@1.0.0
74 silly currentTree +-- forever-agent@0.6.1
74 silly currentTree +-- form-data@2.1.2
74 silly currentTree +-- gauge@1.2.7
74 silly currentTree +-- getpass@0.1.6
74 silly currentTree | `-- assert-plus@1.0.0
74 silly currentTree +-- har-schema@1.0.5
74 silly currentTree +-- har-validator@4.2.1
74 silly currentTree +-- has-unicode@2.0.1
74 silly currentTree +-- hawk@3.1.3
74 silly currentTree +-- hoek@2.16.3
74 silly currentTree +-- htmlparser2@3.9.2
74 silly currentTree | +-- isarray@1.0.0
74 silly currentTree | `-- readable-stream@2.2.6
74 silly currentTree +-- http-signature@1.1.1
74 silly currentTree +-- inherits@2.0.3
74 silly currentTree +-- is-typedarray@1.0.0
74 silly currentTree +-- isarray@0.0.1
74 silly currentTree +-- isstream@0.1.2
74 silly currentTree +-- jodid25519@1.0.2
74 silly currentTree +-- jsbn@0.1.1
74 silly currentTree +-- json-schema@0.2.3
74 silly currentTree +-- json-stable-stringify@1.0.1
74 silly currentTree +-- json-stringify-safe@5.0.1
74 silly currentTree +-- jsonify@0.0.0
74 silly currentTree +-- jsprim@1.4.0
74 silly currentTree | `-- assert-plus@1.0.0
74 silly currentTree +-- lodash.assignin@4.2.0
74 silly currentTree +-- lodash.bind@4.2.1
74 silly currentTree +-- lodash.defaults@4.2.0
74 silly currentTree +-- lodash.filter@4.6.0
74 silly currentTree +-- lodash.flatten@4.4.0
74 silly currentTree +-- lodash.foreach@4.5.0
74 silly currentTree +-- lodash.map@4.6.0
74 silly currentTree +-- lodash.merge@4.6.0
74 silly currentTree +-- lodash.pad@4.5.1
74 silly currentTree +-- lodash.padend@4.6.1
74 silly currentTree +-- lodash.padstart@4.6.1
74 silly currentTree +-- lodash.pick@4.4.0
74 silly currentTree +-- lodash.reduce@4.6.0
74 silly currentTree +-- lodash.reject@4.6.0
74 silly currentTree +-- lodash.some@4.6.0
74 silly currentTree +-- lodash@3.10.1
74 silly currentTree +-- mime-db@1.26.0
74 silly currentTree +-- mime-types@2.1.14
74 silly currentTree +-- npmlog@1.2.1
74 silly currentTree +-- nth-check@1.0.1
74 silly currentTree +-- oauth-sign@0.8.2
74 silly currentTree +-- performance-now@0.2.0
74 silly currentTree +-- process-nextick-args@1.0.7
74 silly currentTree +-- punycode@1.4.1
74 silly currentTree +-- qs@6.4.0
74 silly currentTree +-- readable-stream@1.1.14
74 silly currentTree +-- request@2.81.0
74 silly currentTree +-- safe-buffer@5.0.1
74 silly currentTree +-- sntp@1.0.9
74 silly currentTree +-- sshpk@1.11.0
74 silly currentTree | `-- assert-plus@1.0.0
74 silly currentTree +-- string_decoder@0.10.31
74 silly currentTree +-- stringstream@0.0.5
74 silly currentTree +-- tough-cookie@2.3.2
74 silly currentTree +-- tunnel-agent@0.6.0
74 silly currentTree +-- tweetnacl@0.14.5
74 silly currentTree +-- util-deprecate@1.0.2
74 silly currentTree +-- uuid@3.0.1
74 silly currentTree `-- verror@1.3.6
75 silly idealTree facebook-chat-bot@1.0.0
75 silly idealTree +-- ajv@4.11.5
75 silly idealTree +-- ansi@0.3.1
75 silly idealTree +-- are-we-there-yet@1.0.6
75 silly idealTree +-- asn1@0.2.3
75 silly idealTree +-- assert-plus@0.2.0
75 silly idealTree +-- asynckit@0.4.0
75 silly idealTree +-- aws-sign2@0.6.0
75 silly idealTree +-- aws4@1.6.0
75 silly idealTree +-- bcrypt-pbkdf@1.0.1
75 silly idealTree +-- bluebird@2.11.0
75 silly idealTree +-- boolbase@1.0.0
75 silly idealTree +-- boom@2.10.1
75 silly idealTree +-- buffer-shims@1.0.0
75 silly idealTree +-- caseless@0.12.0
75 silly idealTree +-- cheerio@0.22.0
75 silly idealTree +-- co@4.6.0
75 silly idealTree +-- combined-stream@1.0.5
75 silly idealTree +-- core-util-is@1.0.2
75 silly idealTree +-- cryptiles@2.0.5
75 silly idealTree +-- css-select@1.2.0
75 silly idealTree +-- css-what@2.1.0
75 silly idealTree +-- dashdash@1.14.1
75 silly idealTree | `-- assert-plus@1.0.0
75 silly idealTree +-- delayed-stream@1.0.0
75 silly idealTree +-- delegates@1.0.0
75 silly idealTree +-- dom-serializer@0.1.0
75 silly idealTree | `-- domelementtype@1.1.3
75 silly idealTree +-- domelementtype@1.3.0
75 silly idealTree +-- domhandler@2.3.0
75 silly idealTree +-- domutils@1.5.1
75 silly idealTree +-- ecc-jsbn@0.1.1
75 silly idealTree +-- entities@1.1.1
75 silly idealTree +-- extend@3.0.0
75 silly idealTree +-- extsprintf@1.0.2
75 silly idealTree +-- facebook-chat-api@1.3.0
75 silly idealTree | +-- cheerio@0.19.0
75 silly idealTree | +-- css-select@1.0.0
75 silly idealTree | +-- css-what@1.0.0
75 silly idealTree | +-- domutils@1.4.3
75 silly idealTree | `-- htmlparser2@3.8.3
75 silly idealTree |   +-- domutils@1.5.1
75 silly idealTree |   `-- entities@1.0.0
75 silly idealTree +-- forever-agent@0.6.1
75 silly idealTree +-- form-data@2.1.2
75 silly idealTree +-- gauge@1.2.7
75 silly idealTree +-- getpass@0.1.6
75 silly idealTree | `-- assert-plus@1.0.0
75 silly idealTree +-- har-schema@1.0.5
75 silly idealTree +-- har-validator@4.2.1
75 silly idealTree +-- has-unicode@2.0.1
75 silly idealTree +-- hawk@3.1.3
75 silly idealTree +-- hoek@2.16.3
75 silly idealTree +-- htmlparser2@3.9.2
75 silly idealTree | +-- isarray@1.0.0
75 silly idealTree | `-- readable-stream@2.2.6
75 silly idealTree +-- http-signature@1.1.1
75 silly idealTree +-- inherits@2.0.3
75 silly idealTree +-- is-typedarray@1.0.0
75 silly idealTree +-- isarray@0.0.1
75 silly idealTree +-- isstream@0.1.2
75 silly idealTree +-- jodid25519@1.0.2
75 silly idealTree +-- jsbn@0.1.1
75 silly idealTree +-- json-schema@0.2.3
75 silly idealTree +-- json-stable-stringify@1.0.1
75 silly idealTree +-- json-stringify-safe@5.0.1
75 silly idealTree +-- jsonify@0.0.0
75 silly idealTree +-- jsprim@1.4.0
75 silly idealTree | `-- assert-plus@1.0.0
75 silly idealTree +-- lodash.assignin@4.2.0
75 silly idealTree +-- lodash.bind@4.2.1
75 silly idealTree +-- lodash.defaults@4.2.0
75 silly idealTree +-- lodash.filter@4.6.0
75 silly idealTree +-- lodash.flatten@4.4.0
75 silly idealTree +-- lodash.foreach@4.5.0
75 silly idealTree +-- lodash.map@4.6.0
75 silly idealTree +-- lodash.merge@4.6.0
75 silly idealTree +-- lodash.pad@4.5.1
75 silly idealTree +-- lodash.padend@4.6.1
75 silly idealTree +-- lodash.padstart@4.6.1
75 silly idealTree +-- lodash.pick@4.4.0
75 silly idealTree +-- lodash.reduce@4.6.0
75 silly idealTree +-- lodash.reject@4.6.0
75 silly idealTree +-- lodash.some@4.6.0
75 silly idealTree +-- lodash@3.10.1
75 silly idealTree +-- mime-db@1.26.0
75 silly idealTree +-- mime-types@2.1.14
75 silly idealTree +-- node-curl@0.3.3
75 silly idealTree +-- npmlog@1.2.1
75 silly idealTree +-- nth-check@1.0.1
75 silly idealTree +-- oauth-sign@0.8.2
75 silly idealTree +-- performance-now@0.2.0
75 silly idealTree +-- process-nextick-args@1.0.7
75 silly idealTree +-- punycode@1.4.1
75 silly idealTree +-- qs@6.4.0
75 silly idealTree +-- readable-stream@1.1.14
75 silly idealTree +-- request@2.81.0
75 silly idealTree +-- safe-buffer@5.0.1
75 silly idealTree +-- sntp@1.0.9
75 silly idealTree +-- sshpk@1.11.0
75 silly idealTree | `-- assert-plus@1.0.0
75 silly idealTree +-- string_decoder@0.10.31
75 silly idealTree +-- stringstream@0.0.5
75 silly idealTree +-- tough-cookie@2.3.2
75 silly idealTree +-- tunnel-agent@0.6.0
75 silly idealTree +-- tweetnacl@0.14.5
75 silly idealTree +-- util-deprecate@1.0.2
75 silly idealTree +-- uuid@3.0.1
75 silly idealTree `-- verror@1.3.6
76 silly generateActionsToTake Starting
77 silly install generateActionsToTake
78 silly generateActionsToTake Finishing
79 silly diffTrees action count 1
80 silly diffTrees add node-curl@0.3.3
81 silly decomposeActions action count 8
82 silly decomposeActions fetch node-curl@0.3.3
83 silly decomposeActions extract node-curl@0.3.3
84 silly decomposeActions test node-curl@0.3.3
85 silly decomposeActions preinstall node-curl@0.3.3
86 silly decomposeActions build node-curl@0.3.3
87 silly decomposeActions install node-curl@0.3.3
88 silly decomposeActions postinstall node-curl@0.3.3
89 silly decomposeActions finalize node-curl@0.3.3
90 silly runTopLevelLifecycles Starting
91 silly executeActions Starting
92 silly install executeActions
93 silly doSerial global-install 0
94 silly doParallel fetch 1
95 verbose correctMkdir C:\Users\KenMad\AppData\Roaming\npm-cache\_locks correctMkdir not in flight; initializing
96 verbose lock using C:\Users\KenMad\AppData\Roaming\npm-cache\_locks\staging-9653126cffbb67ed.lock for D:\facebook-chat-bot-master\facebook-chat-bot-master\node_modules\.staging
97 silly doParallel extract 1
98 silly extract node-curl@0.3.3
99 verbose unbuild node_modules\.staging\node-curl-973a479b
100 silly gentlyRm D:\facebook-chat-bot-master\facebook-chat-bot-master\node_modules\.staging\node-curl-973a479b is being purged from base D:\facebook-chat-bot-master\facebook-chat-bot-master
101 verbose gentlyRm don't care about contents; nuking D:\facebook-chat-bot-master\facebook-chat-bot-master\node_modules\.staging\node-curl-973a479b
102 verbose tar unpack C:\Users\KenMad\AppData\Roaming\npm-cache\node-curl\0.3.3\package.tgz
103 verbose tar unpacking to D:\facebook-chat-bot-master\facebook-chat-bot-master\node_modules\.staging\node-curl-973a479b
104 silly gentlyRm D:\facebook-chat-bot-master\facebook-chat-bot-master\node_modules\.staging\node-curl-973a479b is being purged
105 verbose gentlyRm don't care about contents; nuking D:\facebook-chat-bot-master\facebook-chat-bot-master\node_modules\.staging\node-curl-973a479b
106 silly gunzTarPerm modes [ '777', '666' ]
107 silly gunzTarPerm extractEntry package.json
108 silly gunzTarPerm modified mode [ 'package.json', 420, 438 ]
109 silly gunzTarPerm extractEntry .npmignore
110 silly gunzTarPerm modified mode [ '.npmignore', 420, 438 ]
111 silly gunzTarPerm extractEntry README.md
112 silly gunzTarPerm modified mode [ 'README.md', 420, 438 ]
113 silly gunzTarPerm extractEntry index.js
114 silly gunzTarPerm modified mode [ 'index.js', 420, 438 ]
115 silly gunzTarPerm extractEntry binding.gyp
116 silly gunzTarPerm modified mode [ 'binding.gyp', 420, 438 ]
117 silly gunzTarPerm extractEntry examples/curl.js
118 silly gunzTarPerm modified mode [ 'examples/curl.js', 420, 438 ]
119 silly gunzTarPerm extractEntry examples/low-level.js
120 silly gunzTarPerm modified mode [ 'examples/low-level.js', 420, 438 ]
121 silly gunzTarPerm extractEntry examples/post-multi-part.js
122 silly gunzTarPerm modified mode [ 'examples/post-multi-part.js', 420, 438 ]
123 silly gunzTarPerm extractEntry examples/test.js
124 silly gunzTarPerm modified mode [ 'examples/test.js', 420, 438 ]
125 silly gunzTarPerm extractEntry examples/low-level-pressure.js
126 silly gunzTarPerm modified mode [ 'examples/low-level-pressure.js', 420, 438 ]
127 silly gunzTarPerm extractEntry examples/test-stream.js
128 silly gunzTarPerm modified mode [ 'examples/test-stream.js', 420, 438 ]
129 silly gunzTarPerm extractEntry examples/pressure-multi-post.js
130 silly gunzTarPerm modified mode [ 'examples/pressure-multi-post.js', 420, 438 ]
131 silly gunzTarPerm extractEntry examples/test-get-info.js
132 silly gunzTarPerm modified mode [ 'examples/test-get-info.js', 420, 438 ]
133 silly gunzTarPerm extractEntry examples/test-errors.js
134 silly gunzTarPerm modified mode [ 'examples/test-errors.js', 420, 438 ]
135 silly gunzTarPerm extractEntry examples/quick-start.js
136 silly gunzTarPerm modified mode [ 'examples/quick-start.js', 420, 438 ]
137 silly gunzTarPerm extractEntry examples/post.js
138 silly gunzTarPerm modified mode [ 'examples/post.js', 420, 438 ]
139 silly gunzTarPerm extractEntry examples/pressure.js
140 silly gunzTarPerm modified mode [ 'examples/pressure.js', 420, 438 ]
141 silly gunzTarPerm extractEntry examples/pressure.toffee
142 silly gunzTarPerm modified mode [ 'examples/pressure.toffee', 420, 438 ]
143 silly gunzTarPerm extractEntry examples/curl.toffee
144 silly gunzTarPerm modified mode [ 'examples/curl.toffee', 420, 438 ]
145 silly gunzTarPerm extractEntry examples/test-errors.toffee
146 silly gunzTarPerm modified mode [ 'examples/test-errors.toffee', 420, 438 ]
147 silly gunzTarPerm extractEntry examples/pressure-multi-post.toffee
148 silly gunzTarPerm modified mode [ 'examples/pressure-multi-post.toffee', 420, 438 ]
149 silly gunzTarPerm extractEntry examples/post.toffee
150 silly gunzTarPerm modified mode [ 'examples/post.toffee', 420, 438 ]
151 silly gunzTarPerm extractEntry examples/test-stream.toffee
152 silly gunzTarPerm modified mode [ 'examples/test-stream.toffee', 420, 438 ]
153 silly gunzTarPerm extractEntry examples/post-multi-part.toffee
154 silly gunzTarPerm modified mode [ 'examples/post-multi-part.toffee', 420, 438 ]
155 silly gunzTarPerm extractEntry examples/test.toffee
156 silly gunzTarPerm modified mode [ 'examples/test.toffee', 420, 438 ]
157 silly gunzTarPerm extractEntry .travis.yml
158 silly gunzTarPerm modified mode [ '.travis.yml', 420, 438 ]
159 silly gunzTarPerm extractEntry index.toffee
160 silly gunzTarPerm modified mode [ 'index.toffee', 420, 438 ]
161 silly gunzTarPerm extractEntry lib/Curl.js
162 silly gunzTarPerm modified mode [ 'lib/Curl.js', 420, 438 ]
163 silly gunzTarPerm extractEntry lib/CurlBuilder.js
164 silly gunzTarPerm modified mode [ 'lib/CurlBuilder.js', 420, 438 ]
165 silly gunzTarPerm extractEntry lib/Curl.toffee
166 silly gunzTarPerm modified mode [ 'lib/Curl.toffee', 420, 438 ]
167 silly gunzTarPerm extractEntry lib/CurlBuilder.toffee
168 silly gunzTarPerm modified mode [ 'lib/CurlBuilder.toffee', 420, 438 ]
169 silly gunzTarPerm extractEntry LICENSE-MIT
170 silly gunzTarPerm modified mode [ 'LICENSE-MIT', 420, 438 ]
171 silly gunzTarPerm extractEntry src/generate_curl_options_list.sh
172 silly gunzTarPerm modified mode [ 'src/generate_curl_options_list.sh', 493, 511 ]
173 silly gunzTarPerm extractEntry src/node-curl.cc
174 silly gunzTarPerm modified mode [ 'src/node-curl.cc', 420, 438 ]
175 silly gunzTarPerm extractEntry src/node-curl.h
176 silly gunzTarPerm modified mode [ 'src/node-curl.h', 420, 438 ]
177 silly gunzTarPerm extractEntry wscript
178 silly gunzTarPerm modified mode [ 'wscript', 420, 438 ]
179 silly gentlyRm D:\facebook-chat-bot-master\facebook-chat-bot-master\node_modules\.staging\node-curl-973a479b\node_modules is being purged
180 verbose gentlyRm don't care about contents; nuking D:\facebook-chat-bot-master\facebook-chat-bot-master\node_modules\.staging\node-curl-973a479b\node_modules
181 silly doParallel preinstall 1
182 silly preinstall node-curl@0.3.3
183 info lifecycle node-curl@0.3.3~preinstall: node-curl@0.3.3
184 silly lifecycle node-curl@0.3.3~preinstall: no script for preinstall, continuing
185 silly doReverseSerial remove 0
186 silly doSerial move 0
187 silly doSerial finalize 1
188 silly finalize D:\facebook-chat-bot-master\facebook-chat-bot-master\node_modules\node-curl
189 silly doSerial build 1
190 silly build node-curl@0.3.3
191 info linkStuff node-curl@0.3.3
192 silly linkStuff node-curl@0.3.3 has D:\facebook-chat-bot-master\facebook-chat-bot-master\node_modules as its parent node_modules
193 verbose linkBins node-curl@0.3.3
194 verbose linkMans node-curl@0.3.3
195 silly doSerial global-link 0
196 silly doParallel update-linked 0
197 silly doSerial install 1
198 silly install node-curl@0.3.3
199 info lifecycle node-curl@0.3.3~install: node-curl@0.3.3
200 verbose lifecycle node-curl@0.3.3~install: unsafe-perm in lifecycle true
201 verbose lifecycle node-curl@0.3.3~install: PATH: D:\nodejs\node_modules\npm\bin\node-gyp-bin;D:\facebook-chat-bot-master\facebook-chat-bot-master\node_modules\node-curl\node_modules\.bin;D:\facebook-chat-bot-master\facebook-chat-bot-master\node_modules\.bin;C:\Windows\system32;C:\Windows;C:\Windows\System32\Wbem;C:\Windows\System32\WindowsPowerShell\v1.0\;C:\Program Files (x86)\NVIDIA Corporation\PhysX\Common;D:\nodejs\;C:\Program Files (x86)\Google\Cloud SDK\google-cloud-sdk\bin;%DASHLANE_DLL_DIR%;C:\Users\KenMad\AppData\Roaming\npm
202 verbose lifecycle node-curl@0.3.3~install: CWD: D:\facebook-chat-bot-master\facebook-chat-bot-master\node_modules\node-curl
203 silly lifecycle node-curl@0.3.3~install: Args: [ '/d /s /c',
203 silly lifecycle   'sh src/generate_curl_options_list.sh && (node-gyp rebuild || node-waf configure build)' ]
204 silly lifecycle node-curl@0.3.3~install: Returned: code: 1  signal: null
205 info lifecycle node-curl@0.3.3~install: Failed to exec install script
206 verbose unlock done using C:\Users\KenMad\AppData\Roaming\npm-cache\_locks\staging-9653126cffbb67ed.lock for D:\facebook-chat-bot-master\facebook-chat-bot-master\node_modules\.staging
207 silly rollbackFailedOptional Starting
208 silly gentlyRm D:\facebook-chat-bot-master\facebook-chat-bot-master\node_modules\node-curl is being purged from base D:\facebook-chat-bot-master\facebook-chat-bot-master
209 verbose gentlyRm don't care about contents; nuking D:\facebook-chat-bot-master\facebook-chat-bot-master\node_modules\node-curl
210 silly gentlyRm D:\facebook-chat-bot-master\facebook-chat-bot-master\node_modules\node-curl is being purged from base D:\facebook-chat-bot-master\facebook-chat-bot-master
211 verbose gentlyRm don't care about contents; nuking D:\facebook-chat-bot-master\facebook-chat-bot-master\node_modules\node-curl
212 silly gentlyRm D:\facebook-chat-bot-master\facebook-chat-bot-master\node_modules\node-curl is being purged from base D:\facebook-chat-bot-master\facebook-chat-bot-master
213 verbose gentlyRm don't care about contents; nuking D:\facebook-chat-bot-master\facebook-chat-bot-master\node_modules\node-curl
214 silly gentlyRm D:\facebook-chat-bot-master\facebook-chat-bot-master\node_modules\node-curl is being purged from base D:\facebook-chat-bot-master\facebook-chat-bot-master
215 verbose gentlyRm don't care about contents; nuking D:\facebook-chat-bot-master\facebook-chat-bot-master\node_modules\node-curl
216 silly gentlyRm D:\facebook-chat-bot-master\facebook-chat-bot-master\node_modules\node-curl is being purged from base D:\facebook-chat-bot-master\facebook-chat-bot-master
217 verbose gentlyRm don't care about contents; nuking D:\facebook-chat-bot-master\facebook-chat-bot-master\node_modules\node-curl
218 silly gentlyRm D:\facebook-chat-bot-master\facebook-chat-bot-master\node_modules\node-curl is being purged from base D:\facebook-chat-bot-master\facebook-chat-bot-master
219 verbose gentlyRm don't care about contents; nuking D:\facebook-chat-bot-master\facebook-chat-bot-master\node_modules\node-curl
220 silly gentlyRm D:\facebook-chat-bot-master\facebook-chat-bot-master\node_modules\node-curl is being purged from base D:\facebook-chat-bot-master\facebook-chat-bot-master
221 verbose gentlyRm don't care about contents; nuking D:\facebook-chat-bot-master\facebook-chat-bot-master\node_modules\node-curl
222 silly gentlyRm D:\facebook-chat-bot-master\facebook-chat-bot-master\node_modules\node-curl is being purged from base D:\facebook-chat-bot-master\facebook-chat-bot-master
223 verbose gentlyRm don't care about contents; nuking D:\facebook-chat-bot-master\facebook-chat-bot-master\node_modules\node-curl
224 silly vacuum-fs purging D:\facebook-chat-bot-master\facebook-chat-bot-master\node_modules\node-curl
225 silly vacuum-fs purging D:\facebook-chat-bot-master\facebook-chat-bot-master\node_modules\node-curl
226 silly vacuum-fs purging D:\facebook-chat-bot-master\facebook-chat-bot-master\node_modules\node-curl
227 silly vacuum-fs purging D:\facebook-chat-bot-master\facebook-chat-bot-master\node_modules\node-curl
228 silly vacuum-fs purging D:\facebook-chat-bot-master\facebook-chat-bot-master\node_modules\node-curl
229 silly vacuum-fs purging D:\facebook-chat-bot-master\facebook-chat-bot-master\node_modules\node-curl
230 silly vacuum-fs purging D:\facebook-chat-bot-master\facebook-chat-bot-master\node_modules\node-curl
231 silly vacuum-fs purging D:\facebook-chat-bot-master\facebook-chat-bot-master\node_modules\node-curl
232 silly vacuum-fs quitting because other entries in D:\facebook-chat-bot-master\facebook-chat-bot-master\node_modules
233 silly vacuum-fs quitting because other entries in D:\facebook-chat-bot-master\facebook-chat-bot-master\node_modules
234 silly vacuum-fs quitting because other entries in D:\facebook-chat-bot-master\facebook-chat-bot-master\node_modules
235 silly vacuum-fs quitting because other entries in D:\facebook-chat-bot-master\facebook-chat-bot-master\node_modules
236 silly vacuum-fs quitting because other entries in D:\facebook-chat-bot-master\facebook-chat-bot-master\node_modules
237 silly vacuum-fs quitting because other entries in D:\facebook-chat-bot-master\facebook-chat-bot-master\node_modules
238 silly vacuum-fs quitting because other entries in D:\facebook-chat-bot-master\facebook-chat-bot-master\node_modules
239 silly vacuum-fs quitting because other entries in D:\facebook-chat-bot-master\facebook-chat-bot-master\node_modules
240 silly rollbackFailedOptional Finishing
241 silly runTopLevelLifecycles Finishing
242 silly install printInstalled
243 verbose stack Error: node-curl@0.3.3 install: `sh src/generate_curl_options_list.sh && (node-gyp rebuild || node-waf configure build)`
243 verbose stack Exit status 1
243 verbose stack     at EventEmitter.<anonymous> (D:\nodejs\node_modules\npm\lib\utils\lifecycle.js:279:16)
243 verbose stack     at emitTwo (events.js:106:13)
243 verbose stack     at EventEmitter.emit (events.js:194:7)
243 verbose stack     at ChildProcess.<anonymous> (D:\nodejs\node_modules\npm\lib\utils\spawn.js:40:14)
243 verbose stack     at emitTwo (events.js:106:13)
243 verbose stack     at ChildProcess.emit (events.js:194:7)
243 verbose stack     at maybeClose (internal/child_process.js:899:16)
243 verbose stack     at Process.ChildProcess._handle.onexit (internal/child_process.js:226:5)
244 verbose pkgid node-curl@0.3.3
245 verbose cwd D:\facebook-chat-bot-master\facebook-chat-bot-master
246 error Windows_NT 6.1.7600
247 error argv "D:\\nodejs\\node.exe" "D:\\nodejs\\node_modules\\npm\\bin\\npm-cli.js" "install" "node-curl"
248 error node v7.7.3
249 error npm  v4.1.2
250 error code ELIFECYCLE
251 error node-curl@0.3.3 install: `sh src/generate_curl_options_list.sh && (node-gyp rebuild || node-waf configure build)`
251 error Exit status 1
252 error Failed at the node-curl@0.3.3 install script 'sh src/generate_curl_options_list.sh && (node-gyp rebuild || node-waf configure build)'.
252 error Make sure you have the latest version of node.js and npm installed.
252 error If you do, this is most likely a problem with the node-curl package,
252 error not with npm itself.
252 error Tell the author that this fails on your system:
252 error     sh src/generate_curl_options_list.sh && (node-gyp rebuild || node-waf configure build)
252 error You can get information on how to open an issue for this project with:
252 error     npm bugs node-curl
252 error Or if that isn't available, you can get their info via:
252 error     npm owner ls node-curl
252 error There is likely additional logging output above.
253 verbose exit [ 1, true ]
